[2025-05-25 08:49:14,175][ucf_main.py][line:54][INFO] model:
===========================================================================
Layer (type:depth-idx)                             Param #
===========================================================================
TMwVAD                                             --
├─LayerNorm: 1-1                                   1,024
├─Temporal: 1-2                                    --
│    └─Sequential: 2-1                             --
│    │    └─Conv1d: 3-1                            1,573,376
│    │    └─ReLU: 3-2                              --
├─TripletMarginLoss: 1-3                           --
├─QuadrupletLoss: 1-4                              --
│    └─TripletMarginLoss: 2-2                      --
├─ADCLS_head: 1-5                                  --
│    └─Sequential: 2-3                             --
│    │    └─Linear: 3-3                            131,200
│    │    └─ReLU: 3-4                              --
│    │    └─Linear: 3-5                            129
│    │    └─Sigmoid: 3-6                           --
├─Memory_Unit: 1-6                                 30,720
│    └─Sigmoid: 2-4                                --
├─Memory_Unit: 1-7                                 30,720
│    └─Sigmoid: 2-5                                --
├─Memory_Unit: 1-8                                 10,240
│    └─Sigmoid: 2-6                                --
├─Transformer: 1-9                                 --
│    └─ModuleList: 2-7                             --
│    │    └─ModuleList: 3-7                        2,100,736
│    │    └─ModuleList: 3-8                        2,100,736
├─Sequential: 1-10                                 --
│    └─Linear: 2-8                                 262,656
├─Sequential: 1-11                                 --
│    └─Linear: 2-9                                 262,656
├─ReLU: 1-12                                       --
===========================================================================
Total params: 6,504,193
Trainable params: 6,504,193
Non-trainable params: 0
===========================================================================
[2025-05-25 08:49:14,175][ucf_main.py][line:56][INFO] a_nums = 60, n_nums = 60, x_nums = 20
[2025-05-25 08:50:23,687][ucf_main.py][line:86][INFO] epoch: 1|30; loss: 0.69359; total auc: 0.82516; anomaly auc: 0.65736; _false alarm rate: 0.06808
[2025-05-25 08:51:27,944][ucf_main.py][line:86][INFO] epoch: 2|30; loss: 0.41638; total auc: 0.83030; anomaly auc: 0.68882; _false alarm rate: 0.03426
[2025-05-25 08:52:32,110][ucf_main.py][line:86][INFO] epoch: 3|30; loss: 0.21526; total auc: 0.83615; anomaly auc: 0.70255; _false alarm rate: 0.01574
[2025-05-25 08:53:35,738][ucf_main.py][line:86][INFO] epoch: 4|30; loss: 0.13268; total auc: 0.83785; anomaly auc: 0.70360; _false alarm rate: 0.02279
[2025-05-25 08:54:39,626][ucf_main.py][line:86][INFO] epoch: 5|30; loss: 0.06605; total auc: 0.83155; anomaly auc: 0.70360; _false alarm rate: 0.02683
[2025-05-25 08:55:50,074][ucf_main.py][line:86][INFO] epoch: 6|30; loss: 0.06603; total auc: 0.82820; anomaly auc: 0.70360; _false alarm rate: 0.00282
[2025-05-25 08:56:54,945][ucf_main.py][line:86][INFO] epoch: 7|30; loss: 0.03787; total auc: 0.83645; anomaly auc: 0.70360; _false alarm rate: 0.03157
[2025-05-25 08:57:58,606][ucf_main.py][line:86][INFO] epoch: 8|30; loss: 0.03269; total auc: 0.84093; anomaly auc: 0.70870; _false alarm rate: 0.03232
[2025-05-25 08:59:04,159][ucf_main.py][line:86][INFO] epoch: 9|30; loss: 0.01642; total auc: 0.82946; anomaly auc: 0.70870; _false alarm rate: 0.03802
[2025-05-25 09:00:09,053][ucf_main.py][line:86][INFO] epoch: 10|30; loss: 0.02317; total auc: 0.83414; anomaly auc: 0.70870; _false alarm rate: 0.03491
[2025-05-25 09:01:13,222][ucf_main.py][line:86][INFO] epoch: 11|30; loss: 0.02534; total auc: 0.84010; anomaly auc: 0.70870; _false alarm rate: 0.01686
[2025-05-25 09:02:17,802][ucf_main.py][line:86][INFO] epoch: 12|30; loss: 0.01934; total auc: 0.85125; anomaly auc: 0.70408; _false alarm rate: 0.03941
[2025-05-25 09:03:39,434][ucf_main.py][line:86][INFO] epoch: 13|30; loss: 0.02080; total auc: 0.83689; anomaly auc: 0.70408; _false alarm rate: 0.01090
[2025-05-25 09:05:01,016][ucf_main.py][line:86][INFO] epoch: 14|30; loss: 0.02443; total auc: 0.84317; anomaly auc: 0.70408; _false alarm rate: 0.07663
[2025-05-25 09:06:19,573][ucf_main.py][line:86][INFO] epoch: 15|30; loss: 0.00975; total auc: 0.84846; anomaly auc: 0.70408; _false alarm rate: 0.02408
[2025-05-25 09:07:42,959][ucf_main.py][line:86][INFO] epoch: 16|30; loss: 0.00841; total auc: 0.83186; anomaly auc: 0.70408; _false alarm rate: 0.02300
[2025-05-25 09:09:05,099][ucf_main.py][line:86][INFO] epoch: 17|30; loss: 0.01251; total auc: 0.82204; anomaly auc: 0.70408; _false alarm rate: 0.04125
[2025-05-25 09:10:14,166][ucf_main.py][line:86][INFO] epoch: 18|30; loss: 0.01825; total auc: 0.84188; anomaly auc: 0.70408; _false alarm rate: 0.01313
[2025-05-25 09:11:21,245][ucf_main.py][line:86][INFO] epoch: 19|30; loss: 0.03142; total auc: 0.83527; anomaly auc: 0.70408; _false alarm rate: 0.00730
[2025-05-25 09:12:28,753][ucf_main.py][line:86][INFO] epoch: 20|30; loss: 0.03619; total auc: 0.83431; anomaly auc: 0.70408; _false alarm rate: 0.03776
[2025-05-25 09:13:34,840][ucf_main.py][line:86][INFO] epoch: 21|30; loss: 0.01130; total auc: 0.83874; anomaly auc: 0.70408; _false alarm rate: 0.03058
[2025-05-25 09:14:41,592][ucf_main.py][line:86][INFO] epoch: 22|30; loss: 0.00801; total auc: 0.84385; anomaly auc: 0.70408; _false alarm rate: 0.02716
[2025-05-25 09:15:47,932][ucf_main.py][line:86][INFO] epoch: 23|30; loss: 0.00368; total auc: 0.86317; anomaly auc: 0.71693; _false alarm rate: 0.01536
[2025-05-25 09:17:05,463][ucf_main.py][line:86][INFO] epoch: 24|30; loss: 0.00728; total auc: 0.82655; anomaly auc: 0.71693; _false alarm rate: 0.02667
[2025-05-25 09:18:25,251][ucf_main.py][line:86][INFO] epoch: 25|30; loss: 0.02354; total auc: 0.82713; anomaly auc: 0.71693; _false alarm rate: 0.01688
[2025-05-25 09:19:46,643][ucf_main.py][line:86][INFO] epoch: 26|30; loss: 0.01253; total auc: 0.81992; anomaly auc: 0.71693; _false alarm rate: 0.03400
[2025-05-25 09:21:06,510][ucf_main.py][line:86][INFO] epoch: 27|30; loss: 0.00656; total auc: 0.81326; anomaly auc: 0.71693; _false alarm rate: 0.01836
[2025-05-25 09:22:28,747][ucf_main.py][line:86][INFO] epoch: 28|30; loss: 0.01329; total auc: 0.81865; anomaly auc: 0.71693; _false alarm rate: 0.03196
[2025-05-25 09:23:53,259][ucf_main.py][line:86][INFO] epoch: 29|30; loss: 0.00562; total auc: 0.84533; anomaly auc: 0.71693; _false alarm rate: 0.01538
[2025-05-25 09:25:14,748][ucf_main.py][line:86][INFO] epoch: 30|30; loss: 0.01146; total auc: 0.82753; anomaly auc: 0.71693; _false alarm rate: 0.03079
[2025-05-25 09:25:14,748][ucf_main.py][line:89][INFO] *******************************best auc: 0.86317; anomaly auc:  0.71693; _false alarm rate: 0.01536***********************************
[2025-05-25 09:25:14,748][ucf_main.py][line:90][INFO] Total Training Time: 1502.09s over 30 epochs
[2025-05-25 09:25:14,748][ucf_main.py][line:91][INFO] Test Time  : 21.93s
[2025-05-29 16:24:48,533][msad_main.py][line:55][INFO] model:
===========================================================================
Layer (type:depth-idx)                             Param #
===========================================================================
TMwVAD                                             --
├─LayerNorm: 1-1                                   1,024
├─Temporal: 1-2                                    --
│    └─Sequential: 2-1                             --
│    │    └─Conv1d: 3-1                            3,146,240
│    │    └─ReLU: 3-2                              --
├─TripletMarginLoss: 1-3                           --
├─QuadrupletLoss: 1-4                              --
│    └─TripletMarginLoss: 2-2                      --
├─ADCLS_head: 1-5                                  --
│    └─Sequential: 2-3                             --
│    │    └─Linear: 3-3                            131,200
│    │    └─ReLU: 3-4                              --
│    │    └─Linear: 3-5                            129
│    │    └─Sigmoid: 3-6                           --
├─Memory_Unit: 1-6                                 10,240
│    └─Sigmoid: 2-4                                --
├─Memory_Unit: 1-7                                 10,240
│    └─Sigmoid: 2-5                                --
├─Memory_Unit: 1-8                                 5,120
│    └─Sigmoid: 2-6                                --
├─Transformer: 1-9                                 --
│    └─ModuleList: 2-7                             --
│    │    └─ModuleList: 3-7                        2,100,736
│    │    └─ModuleList: 3-8                        2,100,736
├─Sequential: 1-10                                 --
│    └─Linear: 2-8                                 262,656
├─Sequential: 1-11                                 --
│    └─Linear: 2-9                                 262,656
├─ReLU: 1-12                                       --
===========================================================================
Total params: 8,030,977
Trainable params: 8,030,977
Non-trainable params: 0
===========================================================================
[2025-05-29 16:24:48,533][msad_main.py][line:57][INFO] a_nums = 20, n_nums = 20, x_nums = 10
[2025-05-29 16:25:01,407][msad_main.py][line:85][INFO] epoch: 1|10; loss: 0.50576; total auc: 0.88574; anomaly auc: 0.70372
[2025-05-29 16:25:14,670][msad_main.py][line:85][INFO] epoch: 2|10; loss: 0.14877; total auc: 0.86259; anomaly auc: 0.70217
[2025-05-29 16:25:28,190][msad_main.py][line:85][INFO] epoch: 3|10; loss: 0.09317; total auc: 0.86265; anomaly auc: 0.71487
[2025-05-29 16:25:41,003][msad_main.py][line:85][INFO] epoch: 4|10; loss: 0.06045; total auc: 0.85463; anomaly auc: 0.68310
[2025-05-29 16:25:53,798][msad_main.py][line:85][INFO] epoch: 5|10; loss: 0.03814; total auc: 0.86537; anomaly auc: 0.69605
[2025-05-29 16:26:06,529][msad_main.py][line:85][INFO] epoch: 6|10; loss: 0.01806; total auc: 0.86048; anomaly auc: 0.69154
[2025-05-29 16:26:19,111][msad_main.py][line:85][INFO] epoch: 7|10; loss: 0.04184; total auc: 0.85429; anomaly auc: 0.68768
[2025-05-29 16:26:31,715][msad_main.py][line:85][INFO] epoch: 8|10; loss: 0.01723; total auc: 0.84464; anomaly auc: 0.67339
[2025-05-29 16:26:44,167][msad_main.py][line:85][INFO] epoch: 9|10; loss: 0.00794; total auc: 0.83452; anomaly auc: 0.67191
[2025-05-29 16:26:56,709][msad_main.py][line:85][INFO] epoch: 10|10; loss: 0.03916; total auc: 0.85318; anomaly auc: 0.70581
[2025-05-29 16:26:56,709][msad_main.py][line:88][INFO] *******************************best auc: 0.88574; anomaly auc:  0.70372***********************************
[2025-05-29 16:26:56,709][msad_main.py][line:89][INFO] Total Training Time: 70.15s over 10 epochs
[2025-05-29 16:26:56,709][msad_main.py][line:90][INFO] Test Time  : 5.75s
[2025-05-29 19:47:06,750][msad_main.py][line:55][INFO] model:
===========================================================================
Layer (type:depth-idx)                             Param #
===========================================================================
TMwVAD                                             --
├─LayerNorm: 1-1                                   1,024
├─Temporal: 1-2                                    --
│    └─Sequential: 2-1                             --
│    │    └─Conv1d: 3-1                            3,146,240
│    │    └─ReLU: 3-2                              --
├─TripletMarginLoss: 1-3                           --
├─QuadrupletLoss: 1-4                              --
│    └─TripletMarginLoss: 2-2                      --
├─ADCLS_head: 1-5                                  --
│    └─Sequential: 2-3                             --
│    │    └─Linear: 3-3                            131,200
│    │    └─ReLU: 3-4                              --
│    │    └─Linear: 3-5                            129
│    │    └─Sigmoid: 3-6                           --
├─Memory_Unit: 1-6                                 10,240
│    └─Sigmoid: 2-4                                --
├─Memory_Unit: 1-7                                 10,240
│    └─Sigmoid: 2-5                                --
├─Memory_Unit: 1-8                                 5,120
│    └─Sigmoid: 2-6                                --
├─Transformer: 1-9                                 --
│    └─ModuleList: 2-7                             --
│    │    └─ModuleList: 3-7                        2,100,736
│    │    └─ModuleList: 3-8                        2,100,736
├─Sequential: 1-10                                 --
│    └─Linear: 2-8                                 262,656
├─Sequential: 1-11                                 --
│    └─Linear: 2-9                                 262,656
├─ReLU: 1-12                                       --
===========================================================================
Total params: 8,030,977
Trainable params: 8,030,977
Non-trainable params: 0
===========================================================================
[2025-05-29 19:47:06,750][msad_main.py][line:57][INFO] a_nums = 20, n_nums = 20, x_nums = 10
[2025-05-29 19:47:20,464][msad_main.py][line:85][INFO] epoch: 1|10; loss: 0.50576; total auc: 0.88574; anomaly auc: 0.70372
[2025-05-29 19:47:33,917][msad_main.py][line:85][INFO] epoch: 2|10; loss: 0.14877; total auc: 0.86259; anomaly auc: 0.70217
[2025-05-29 19:47:46,592][msad_main.py][line:85][INFO] epoch: 3|10; loss: 0.09317; total auc: 0.86265; anomaly auc: 0.71487
[2025-05-29 19:47:59,256][msad_main.py][line:85][INFO] epoch: 4|10; loss: 0.06045; total auc: 0.85463; anomaly auc: 0.68310
[2025-05-29 19:48:11,922][msad_main.py][line:85][INFO] epoch: 5|10; loss: 0.03814; total auc: 0.86537; anomaly auc: 0.69605
[2025-05-29 19:48:24,626][msad_main.py][line:85][INFO] epoch: 6|10; loss: 0.01806; total auc: 0.86048; anomaly auc: 0.69154
[2025-05-29 19:48:37,157][msad_main.py][line:85][INFO] epoch: 7|10; loss: 0.04184; total auc: 0.85429; anomaly auc: 0.68768
[2025-05-29 19:48:49,639][msad_main.py][line:85][INFO] epoch: 8|10; loss: 0.01723; total auc: 0.84464; anomaly auc: 0.67339
[2025-05-29 19:49:02,183][msad_main.py][line:85][INFO] epoch: 9|10; loss: 0.00794; total auc: 0.83452; anomaly auc: 0.67191
[2025-05-29 19:49:15,151][msad_main.py][line:85][INFO] epoch: 10|10; loss: 0.03916; total auc: 0.85318; anomaly auc: 0.70581
[2025-05-29 19:49:15,151][msad_main.py][line:88][INFO] *******************************best auc: 0.88574; anomaly auc:  0.70372***********************************
[2025-05-29 19:49:15,151][msad_main.py][line:89][INFO] Total Training Time: 70.23s over 10 epochs
[2025-05-29 19:49:15,151][msad_main.py][line:90][INFO] Test Time  : 5.77s
[2025-06-04 21:55:27,457][ucf_main.py][line:54][INFO] model:
===========================================================================
Layer (type:depth-idx)                             Param #
===========================================================================
TMwVAD                                             --
├─LayerNorm: 1-1                                   1,024
├─Temporal: 1-2                                    --
│    └─Sequential: 2-1                             --
│    │    └─Conv1d: 3-1                            1,573,376
│    │    └─ReLU: 3-2                              --
├─TripletMarginLoss: 1-3                           --
├─QuadrupletLoss: 1-4                              --
│    └─TripletMarginLoss: 2-2                      --
├─ADCLS_head: 1-5                                  --
│    └─Sequential: 2-3                             --
│    │    └─Linear: 3-3                            131,200
│    │    └─ReLU: 3-4                              --
│    │    └─Linear: 3-5                            129
│    │    └─Sigmoid: 3-6                           --
├─Memory_Unit: 1-6                                 30,720
│    └─Sigmoid: 2-4                                --
├─Memory_Unit: 1-7                                 30,720
│    └─Sigmoid: 2-5                                --
├─Memory_Unit: 1-8                                 10,240
│    └─Sigmoid: 2-6                                --
├─Transformer: 1-9                                 --
│    └─ModuleList: 2-7                             --
│    │    └─ModuleList: 3-7                        2,100,736
│    │    └─ModuleList: 3-8                        2,100,736
├─Sequential: 1-10                                 --
│    └─Linear: 2-8                                 262,656
├─Sequential: 1-11                                 --
│    └─Linear: 2-9                                 262,656
├─ReLU: 1-12                                       --
===========================================================================
Total params: 6,504,193
Trainable params: 6,504,193
Non-trainable params: 0
===========================================================================
[2025-06-04 21:55:27,459][ucf_main.py][line:56][INFO] a_nums = 60, n_nums = 60, x_nums = 20
[2025-06-04 21:56:38,694][ucf_main.py][line:86][INFO] epoch: 1|30; loss: 0.69359; total auc: 0.82516; anomaly auc: 0.65736; _false alarm rate: 0.06808
[2025-06-04 21:57:43,118][ucf_main.py][line:86][INFO] epoch: 2|30; loss: 0.41638; total auc: 0.83030; anomaly auc: 0.68882; _false alarm rate: 0.03426
[2025-06-04 21:59:07,299][ucf_main.py][line:86][INFO] epoch: 3|30; loss: 0.21526; total auc: 0.83615; anomaly auc: 0.70255; _false alarm rate: 0.01574
[2025-06-04 22:00:29,613][ucf_main.py][line:86][INFO] epoch: 4|30; loss: 0.13268; total auc: 0.83785; anomaly auc: 0.70360; _false alarm rate: 0.02279
[2025-06-04 22:01:54,581][ucf_main.py][line:86][INFO] epoch: 5|30; loss: 0.06605; total auc: 0.83155; anomaly auc: 0.70360; _false alarm rate: 0.02683
[2025-06-04 22:03:18,059][ucf_main.py][line:86][INFO] epoch: 6|30; loss: 0.06603; total auc: 0.82820; anomaly auc: 0.70360; _false alarm rate: 0.00282
[2025-06-04 22:04:32,583][ucf_main.py][line:86][INFO] epoch: 7|30; loss: 0.03787; total auc: 0.83645; anomaly auc: 0.70360; _false alarm rate: 0.03157
[2025-06-04 22:05:53,691][ucf_main.py][line:86][INFO] epoch: 8|30; loss: 0.03269; total auc: 0.84093; anomaly auc: 0.70870; _false alarm rate: 0.03232
[2025-06-04 22:07:17,398][ucf_main.py][line:86][INFO] epoch: 9|30; loss: 0.01642; total auc: 0.82946; anomaly auc: 0.70870; _false alarm rate: 0.03802
[2025-06-04 22:08:43,072][ucf_main.py][line:86][INFO] epoch: 10|30; loss: 0.02317; total auc: 0.83414; anomaly auc: 0.70870; _false alarm rate: 0.03491
[2025-06-04 22:10:06,504][ucf_main.py][line:86][INFO] epoch: 11|30; loss: 0.02534; total auc: 0.84010; anomaly auc: 0.70870; _false alarm rate: 0.01686
[2025-06-04 22:11:30,232][ucf_main.py][line:86][INFO] epoch: 12|30; loss: 0.01934; total auc: 0.85125; anomaly auc: 0.70408; _false alarm rate: 0.03941
[2025-06-04 22:12:47,466][ucf_main.py][line:86][INFO] epoch: 13|30; loss: 0.02080; total auc: 0.83689; anomaly auc: 0.70408; _false alarm rate: 0.01090
[2025-06-04 22:14:09,940][ucf_main.py][line:86][INFO] epoch: 14|30; loss: 0.02443; total auc: 0.84317; anomaly auc: 0.70408; _false alarm rate: 0.07663
[2025-06-04 22:15:33,257][ucf_main.py][line:86][INFO] epoch: 15|30; loss: 0.00975; total auc: 0.84846; anomaly auc: 0.70408; _false alarm rate: 0.02408
[2025-06-04 22:16:57,691][ucf_main.py][line:86][INFO] epoch: 16|30; loss: 0.00841; total auc: 0.83186; anomaly auc: 0.70408; _false alarm rate: 0.02300
[2025-06-04 22:18:20,301][ucf_main.py][line:86][INFO] epoch: 17|30; loss: 0.01251; total auc: 0.82204; anomaly auc: 0.70408; _false alarm rate: 0.04125
[2025-06-04 22:19:43,586][ucf_main.py][line:86][INFO] epoch: 18|30; loss: 0.01825; total auc: 0.84188; anomaly auc: 0.70408; _false alarm rate: 0.01313
[2025-06-04 22:21:07,890][ucf_main.py][line:86][INFO] epoch: 19|30; loss: 0.03142; total auc: 0.83527; anomaly auc: 0.70408; _false alarm rate: 0.00730
[2025-06-04 22:22:32,342][ucf_main.py][line:86][INFO] epoch: 20|30; loss: 0.03619; total auc: 0.83431; anomaly auc: 0.70408; _false alarm rate: 0.03776
[2025-06-04 22:23:54,019][ucf_main.py][line:86][INFO] epoch: 21|30; loss: 0.01130; total auc: 0.83874; anomaly auc: 0.70408; _false alarm rate: 0.03058
[2025-06-04 22:25:18,191][ucf_main.py][line:86][INFO] epoch: 22|30; loss: 0.00801; total auc: 0.84385; anomaly auc: 0.70408; _false alarm rate: 0.02716
[2025-06-04 22:26:26,627][ucf_main.py][line:86][INFO] epoch: 23|30; loss: 0.00368; total auc: 0.86317; anomaly auc: 0.71693; _false alarm rate: 0.01536
[2025-06-04 22:27:47,934][ucf_main.py][line:86][INFO] epoch: 24|30; loss: 0.00728; total auc: 0.82655; anomaly auc: 0.71693; _false alarm rate: 0.02667
[2025-06-04 22:29:07,357][ucf_main.py][line:86][INFO] epoch: 25|30; loss: 0.02354; total auc: 0.82713; anomaly auc: 0.71693; _false alarm rate: 0.01688
[2025-06-04 22:30:30,451][ucf_main.py][line:86][INFO] epoch: 26|30; loss: 0.01253; total auc: 0.81992; anomaly auc: 0.71693; _false alarm rate: 0.03400
[2025-06-04 22:31:51,666][ucf_main.py][line:86][INFO] epoch: 27|30; loss: 0.00656; total auc: 0.81326; anomaly auc: 0.71693; _false alarm rate: 0.01836
[2025-06-04 22:33:16,480][ucf_main.py][line:86][INFO] epoch: 28|30; loss: 0.01329; total auc: 0.81865; anomaly auc: 0.71693; _false alarm rate: 0.03196
[2025-06-04 22:34:40,211][ucf_main.py][line:86][INFO] epoch: 29|30; loss: 0.00562; total auc: 0.84533; anomaly auc: 0.71693; _false alarm rate: 0.01538
[2025-06-04 22:36:03,271][ucf_main.py][line:86][INFO] epoch: 30|30; loss: 0.01146; total auc: 0.82753; anomaly auc: 0.71693; _false alarm rate: 0.03079
[2025-06-04 22:36:03,271][ucf_main.py][line:89][INFO] *******************************best auc: 0.86317; anomaly auc:  0.71693; _false alarm rate: 0.01536***********************************
[2025-06-04 22:36:03,271][ucf_main.py][line:90][INFO] Total Training Time: 1593.33s over 30 epochs
[2025-06-04 22:36:03,271][ucf_main.py][line:91][INFO] Test Time  : 28.06s
[2025-07-11 23:11:50,070][ubnormal_main.py][line:55][INFO] model:
===========================================================================
Layer (type:depth-idx)                             Param #
===========================================================================
TMwVAD                                             --
├─LayerNorm: 1-1                                   1,024
├─Temporal: 1-2                                    --
│    └─Sequential: 2-1                             --
│    │    └─Conv1d: 3-1                            1,573,376
│    │    └─ReLU: 3-2                              --
├─TripletMarginLoss: 1-3                           --
├─QuadrupletLoss: 1-4                              --
│    └─TripletMarginLoss: 2-2                      --
├─ADCLS_head: 1-5                                  --
│    └─Sequential: 2-3                             --
│    │    └─Linear: 3-3                            131,200
│    │    └─ReLU: 3-4                              --
│    │    └─Linear: 3-5                            129
│    │    └─Sigmoid: 3-6                           --
├─Memory_Unit: 1-6                                 5,120
│    └─Sigmoid: 2-4                                --
├─Memory_Unit: 1-7                                 5,120
│    └─Sigmoid: 2-5                                --
├─Memory_Unit: 1-8                                 4,096
│    └─Sigmoid: 2-6                                --
├─Transformer: 1-9                                 --
│    └─ModuleList: 2-7                             --
│    │    └─ModuleList: 3-7                        2,100,736
│    │    └─ModuleList: 3-8                        2,100,736
├─Sequential: 1-10                                 --
│    └─Linear: 2-8                                 262,656
├─Sequential: 1-11                                 --
│    └─Linear: 2-9                                 262,656
├─ReLU: 1-12                                       --
===========================================================================
Total params: 6,446,849
Trainable params: 6,446,849
Non-trainable params: 0
===========================================================================
[2025-07-11 23:11:50,070][ubnormal_main.py][line:57][INFO] a_nums = 10, n_nums = 10, x_nums = 8
[2025-07-11 23:11:56,871][ubnormal_main.py][line:84][INFO] epoch: 1|40; loss: 0.93999; total auc: 0.58039; anomaly auc: 0.57837; false alarm rate: 0.05350
[2025-07-11 23:12:04,012][ubnormal_main.py][line:84][INFO] epoch: 2|40; loss: 0.65326; total auc: 0.62603; anomaly auc: 0.58600; false alarm rate: 0.19287
[2025-07-11 23:12:11,857][ubnormal_main.py][line:84][INFO] epoch: 3|40; loss: 0.48754; total auc: 0.63055; anomaly auc: 0.56755; false alarm rate: 0.31242
[2025-07-11 23:12:19,948][ubnormal_main.py][line:84][INFO] epoch: 4|40; loss: 0.32240; total auc: 0.63924; anomaly auc: 0.57179; false alarm rate: 0.07464
[2025-07-11 23:12:27,759][ubnormal_main.py][line:84][INFO] epoch: 5|40; loss: 0.29439; total auc: 0.65368; anomaly auc: 0.57989; false alarm rate: 0.07596
[2025-07-11 23:12:34,748][ubnormal_main.py][line:84][INFO] epoch: 6|40; loss: 0.24019; total auc: 0.61330; anomaly auc: 0.55232; false alarm rate: 0.26684
[2025-07-11 23:12:41,503][ubnormal_main.py][line:84][INFO] epoch: 7|40; loss: 0.18517; total auc: 0.66038; anomaly auc: 0.56281; false alarm rate: 0.07530
[2025-07-11 23:12:48,339][ubnormal_main.py][line:84][INFO] epoch: 8|40; loss: 0.16126; total auc: 0.64848; anomaly auc: 0.57835; false alarm rate: 0.08190
[2025-07-11 23:12:55,361][ubnormal_main.py][line:84][INFO] epoch: 9|40; loss: 0.14251; total auc: 0.63387; anomaly auc: 0.55543; false alarm rate: 0.00132
[2025-07-11 23:13:02,256][ubnormal_main.py][line:84][INFO] epoch: 10|40; loss: 0.09899; total auc: 0.65159; anomaly auc: 0.58959; false alarm rate: 0.01717
[2025-07-11 23:13:09,104][ubnormal_main.py][line:84][INFO] epoch: 11|40; loss: 0.09627; total auc: 0.62497; anomaly auc: 0.53235; false alarm rate: 0.00000
[2025-07-11 23:13:15,992][ubnormal_main.py][line:84][INFO] epoch: 12|40; loss: 0.09954; total auc: 0.65065; anomaly auc: 0.59459; false alarm rate: 0.12351
[2025-07-11 23:13:22,775][ubnormal_main.py][line:84][INFO] epoch: 13|40; loss: 0.05031; total auc: 0.63490; anomaly auc: 0.58030; false alarm rate: 0.02840
[2025-07-11 23:13:30,000][ubnormal_main.py][line:84][INFO] epoch: 14|40; loss: 0.06175; total auc: 0.63497; anomaly auc: 0.59877; false alarm rate: 0.12880
[2025-07-11 23:13:36,562][ubnormal_main.py][line:84][INFO] epoch: 15|40; loss: 0.04640; total auc: 0.64039; anomaly auc: 0.57813; false alarm rate: 0.04491
[2025-07-11 23:13:43,508][ubnormal_main.py][line:84][INFO] epoch: 16|40; loss: 0.04069; total auc: 0.64912; anomaly auc: 0.58990; false alarm rate: 0.07926
[2025-07-11 23:13:51,037][ubnormal_main.py][line:84][INFO] epoch: 17|40; loss: 0.07863; total auc: 0.62699; anomaly auc: 0.57230; false alarm rate: 0.02774
[2025-07-11 23:13:57,970][ubnormal_main.py][line:84][INFO] epoch: 18|40; loss: 0.09163; total auc: 0.64003; anomaly auc: 0.59384; false alarm rate: 0.07530
[2025-07-11 23:14:04,893][ubnormal_main.py][line:84][INFO] epoch: 19|40; loss: 0.05328; total auc: 0.63763; anomaly auc: 0.57251; false alarm rate: 0.05284
[2025-07-11 23:14:11,297][ubnormal_main.py][line:84][INFO] epoch: 20|40; loss: 0.06282; total auc: 0.65062; anomaly auc: 0.59535; false alarm rate: 0.05614
[2025-07-11 23:14:18,221][ubnormal_main.py][line:84][INFO] epoch: 21|40; loss: 0.04112; total auc: 0.65641; anomaly auc: 0.59801; false alarm rate: 0.05086
[2025-07-11 23:14:24,956][ubnormal_main.py][line:84][INFO] epoch: 22|40; loss: 0.02620; total auc: 0.64324; anomaly auc: 0.58811; false alarm rate: 0.02840
[2025-07-11 23:14:31,728][ubnormal_main.py][line:84][INFO] epoch: 23|40; loss: 0.02615; total auc: 0.66506; anomaly auc: 0.60628; false alarm rate: 0.08124
[2025-07-11 23:14:38,562][ubnormal_main.py][line:84][INFO] epoch: 24|40; loss: 0.04625; total auc: 0.65337; anomaly auc: 0.59533; false alarm rate: 0.05614
[2025-07-11 23:14:45,335][ubnormal_main.py][line:84][INFO] epoch: 25|40; loss: 0.03333; total auc: 0.63544; anomaly auc: 0.56858; false alarm rate: 0.00462
[2025-07-11 23:14:51,875][ubnormal_main.py][line:84][INFO] epoch: 26|40; loss: 0.03524; total auc: 0.64492; anomaly auc: 0.56231; false alarm rate: 0.03765
[2025-07-11 23:14:58,834][ubnormal_main.py][line:84][INFO] epoch: 27|40; loss: 0.03559; total auc: 0.65381; anomaly auc: 0.58370; false alarm rate: 0.02972
[2025-07-11 23:15:05,777][ubnormal_main.py][line:84][INFO] epoch: 28|40; loss: 0.01387; total auc: 0.64566; anomaly auc: 0.59248; false alarm rate: 0.11096
[2025-07-11 23:15:12,741][ubnormal_main.py][line:84][INFO] epoch: 29|40; loss: 0.03767; total auc: 0.61299; anomaly auc: 0.56935; false alarm rate: 0.00991
[2025-07-11 23:15:19,304][ubnormal_main.py][line:84][INFO] epoch: 30|40; loss: 0.03460; total auc: 0.62451; anomaly auc: 0.55897; false alarm rate: 0.04491
[2025-07-11 23:15:25,986][ubnormal_main.py][line:84][INFO] epoch: 31|40; loss: 0.04726; total auc: 0.63686; anomaly auc: 0.57968; false alarm rate: 0.08983
[2025-07-11 23:15:32,940][ubnormal_main.py][line:84][INFO] epoch: 32|40; loss: 0.02626; total auc: 0.63098; anomaly auc: 0.55203; false alarm rate: 0.01849
[2025-07-11 23:15:39,886][ubnormal_main.py][line:84][INFO] epoch: 33|40; loss: 0.01895; total auc: 0.62166; anomaly auc: 0.55854; false alarm rate: 0.06737
[2025-07-11 23:15:46,675][ubnormal_main.py][line:84][INFO] epoch: 34|40; loss: 0.08242; total auc: 0.64488; anomaly auc: 0.58832; false alarm rate: 0.07001
[2025-07-11 23:15:53,413][ubnormal_main.py][line:84][INFO] epoch: 35|40; loss: 0.01643; total auc: 0.64228; anomaly auc: 0.59513; false alarm rate: 0.07133
[2025-07-11 23:16:00,238][ubnormal_main.py][line:84][INFO] epoch: 36|40; loss: 0.01258; total auc: 0.63911; anomaly auc: 0.58939; false alarm rate: 0.05152
[2025-07-11 23:16:07,371][ubnormal_main.py][line:84][INFO] epoch: 37|40; loss: 0.02020; total auc: 0.63537; anomaly auc: 0.56762; false alarm rate: 0.07199
[2025-07-11 23:16:14,212][ubnormal_main.py][line:84][INFO] epoch: 38|40; loss: 0.01369; total auc: 0.63252; anomaly auc: 0.57258; false alarm rate: 0.04690
[2025-07-11 23:16:20,874][ubnormal_main.py][line:84][INFO] epoch: 39|40; loss: 0.00959; total auc: 0.62879; anomaly auc: 0.58144; false alarm rate: 0.07794
[2025-07-11 23:16:27,881][ubnormal_main.py][line:84][INFO] epoch: 40|40; loss: 0.02337; total auc: 0.64733; anomaly auc: 0.58413; false alarm rate: 0.08124
[2025-07-11 23:16:27,881][ubnormal_main.py][line:87][INFO] *******************************best auc: 0.66506; anomaly auc:  0.60628***********************************
[2025-07-11 23:16:27,881][ubnormal_main.py][line:88][INFO] Total Training Time: 99.33s over 40 epochs
[2025-07-11 23:16:27,881][ubnormal_main.py][line:89][INFO] Test Time  : 4.46s
[2025-10-06 18:22:26,167][sdn_main.py][line:56][INFO] model:
===========================================================================
Layer (type:depth-idx)                             Param #
===========================================================================
TMwVAD                                             --
├─LayerNorm: 1-1                                   1,024
├─Temporal: 1-2                                    --
│    └─Sequential: 2-1                             --
│    │    └─Conv1d: 3-1                            1,573,376
│    │    └─ReLU: 3-2                              --
├─TripletMarginLoss: 1-3                           --
├─QuadrupletLoss: 1-4                              --
│    └─TripletMarginLoss: 2-2                      --
├─ADCLS_head: 1-5                                  --
│    └─Sequential: 2-3                             --
│    │    └─Linear: 3-3                            131,200
│    │    └─ReLU: 3-4                              --
│    │    └─Linear: 3-5                            129
│    │    └─Sigmoid: 3-6                           --
├─Memory_Unit: 1-6                                 30,720
│    └─Sigmoid: 2-4                                --
├─Memory_Unit: 1-7                                 30,720
│    └─Sigmoid: 2-5                                --
├─Memory_Unit: 1-8                                 10,240
│    └─Sigmoid: 2-6                                --
├─Transformer: 1-9                                 --
│    └─ModuleList: 2-7                             --
│    │    └─ModuleList: 3-7                        2,100,736
│    │    └─ModuleList: 3-8                        2,100,736
├─Sequential: 1-10                                 --
│    └─Linear: 2-8                                 262,656
├─Sequential: 1-11                                 --
│    └─Linear: 2-9                                 262,656
├─ReLU: 1-12                                       --
===========================================================================
Total params: 6,504,193
Trainable params: 6,504,193
Non-trainable params: 0
===========================================================================
[2025-10-06 18:22:26,167][sdn_main.py][line:58][INFO] a_nums = 60, n_nums = 60, x_nums = 20
[2025-10-06 18:22:35,305][sdn_main.py][line:85][INFO] epoch: 1|30; loss: 0.98387; total auc: 0.71536; anomaly auc: 0.62185; false alarm rate: 0.01537
[2025-10-06 18:22:43,715][sdn_main.py][line:85][INFO] epoch: 2|30; loss: 0.80796; total auc: 0.79390; anomaly auc: 0.73862; false alarm rate: 0.00542
[2025-10-06 18:22:51,940][sdn_main.py][line:85][INFO] epoch: 3|30; loss: 0.65373; total auc: 0.82011; anomaly auc: 0.76735; false alarm rate: 0.02260
[2025-10-06 18:23:00,139][sdn_main.py][line:85][INFO] epoch: 4|30; loss: 0.51291; total auc: 0.81177; anomaly auc: 0.77387; false alarm rate: 0.01266
[2025-10-06 18:23:08,320][sdn_main.py][line:85][INFO] epoch: 5|30; loss: 0.40134; total auc: 0.79681; anomaly auc: 0.74852; false alarm rate: 0.00995
[2025-10-06 18:23:16,487][sdn_main.py][line:85][INFO] epoch: 6|30; loss: 0.31544; total auc: 0.79734; anomaly auc: 0.78323; false alarm rate: 0.00000
[2025-10-06 18:23:24,635][sdn_main.py][line:85][INFO] epoch: 7|30; loss: 0.24658; total auc: 0.80563; anomaly auc: 0.72361; false alarm rate: 0.07685
[2025-10-06 18:23:32,904][sdn_main.py][line:85][INFO] epoch: 8|30; loss: 0.17505; total auc: 0.81190; anomaly auc: 0.78020; false alarm rate: 0.01266
[2025-10-06 18:23:41,162][sdn_main.py][line:85][INFO] epoch: 9|30; loss: 0.11342; total auc: 0.83325; anomaly auc: 0.79198; false alarm rate: 0.00181
[2025-10-06 18:23:49,512][sdn_main.py][line:85][INFO] epoch: 10|30; loss: 0.16942; total auc: 0.81983; anomaly auc: 0.77511; false alarm rate: 0.01808
[2025-10-06 18:23:57,805][sdn_main.py][line:85][INFO] epoch: 11|30; loss: 0.08779; total auc: 0.79405; anomaly auc: 0.72483; false alarm rate: 0.01085
[2025-10-06 18:24:05,995][sdn_main.py][line:85][INFO] epoch: 12|30; loss: 0.05293; total auc: 0.81307; anomaly auc: 0.77164; false alarm rate: 0.00000
[2025-10-06 18:24:14,189][sdn_main.py][line:85][INFO] epoch: 13|30; loss: 0.05370; total auc: 0.81299; anomaly auc: 0.79098; false alarm rate: 0.00814
[2025-10-06 18:24:22,440][sdn_main.py][line:85][INFO] epoch: 14|30; loss: 0.08394; total auc: 0.80431; anomaly auc: 0.74465; false alarm rate: 0.01989
[2025-10-06 18:24:30,716][sdn_main.py][line:85][INFO] epoch: 15|30; loss: 0.05436; total auc: 0.79252; anomaly auc: 0.77994; false alarm rate: 0.00362
[2025-10-06 18:24:38,931][sdn_main.py][line:85][INFO] epoch: 16|30; loss: 0.06979; total auc: 0.83093; anomaly auc: 0.80490; false alarm rate: 0.00542
[2025-10-06 18:24:47,239][sdn_main.py][line:85][INFO] epoch: 17|30; loss: 0.06215; total auc: 0.81401; anomaly auc: 0.77568; false alarm rate: 0.02351
[2025-10-06 18:24:55,485][sdn_main.py][line:85][INFO] epoch: 18|30; loss: 0.02406; total auc: 0.82859; anomaly auc: 0.78791; false alarm rate: 0.02622
[2025-10-06 18:25:03,560][sdn_main.py][line:85][INFO] epoch: 19|30; loss: 0.03354; total auc: 0.83717; anomaly auc: 0.80447; false alarm rate: 0.00452
[2025-10-06 18:25:11,590][sdn_main.py][line:85][INFO] epoch: 20|30; loss: 0.05720; total auc: 0.78708; anomaly auc: 0.74035; false alarm rate: 0.05425
[2025-10-06 18:25:19,616][sdn_main.py][line:85][INFO] epoch: 21|30; loss: 0.04896; total auc: 0.82082; anomaly auc: 0.79334; false alarm rate: 0.01718
[2025-10-06 18:25:27,671][sdn_main.py][line:85][INFO] epoch: 22|30; loss: 0.05137; total auc: 0.82283; anomaly auc: 0.78317; false alarm rate: 0.06329
[2025-10-06 18:25:36,327][sdn_main.py][line:85][INFO] epoch: 23|30; loss: 0.01371; total auc: 0.81069; anomaly auc: 0.75645; false alarm rate: 0.02351
[2025-10-06 18:25:44,832][sdn_main.py][line:85][INFO] epoch: 24|30; loss: 0.04236; total auc: 0.79345; anomaly auc: 0.74675; false alarm rate: 0.03707
[2025-10-06 18:25:53,366][sdn_main.py][line:85][INFO] epoch: 25|30; loss: 0.01636; total auc: 0.81597; anomaly auc: 0.79585; false alarm rate: 0.01085
[2025-10-06 18:26:02,012][sdn_main.py][line:85][INFO] epoch: 26|30; loss: 0.01532; total auc: 0.81939; anomaly auc: 0.78464; false alarm rate: 0.03255
[2025-10-06 18:26:10,525][sdn_main.py][line:85][INFO] epoch: 27|30; loss: 0.01857; total auc: 0.82330; anomaly auc: 0.79832; false alarm rate: 0.00633
[2025-10-06 18:26:19,600][sdn_main.py][line:85][INFO] epoch: 28|30; loss: 0.02677; total auc: 0.81009; anomaly auc: 0.76043; false alarm rate: 0.01085
[2025-10-06 18:26:28,203][sdn_main.py][line:85][INFO] epoch: 29|30; loss: 0.03821; total auc: 0.80622; anomaly auc: 0.76889; false alarm rate: 0.02712
[2025-10-06 18:26:36,940][sdn_main.py][line:85][INFO] epoch: 30|30; loss: 0.00963; total auc: 0.82407; anomaly auc: 0.79416; false alarm rate: 0.03165
[2025-10-06 18:26:36,940][sdn_main.py][line:88][INFO] *******************************best auc: 0.83717; anomaly auc:  0.80447***********************************
[2025-10-06 18:26:36,940][sdn_main.py][line:89][INFO] Total Training Time: 181.87s over 30 epochs
[2025-10-06 18:26:36,940][sdn_main.py][line:90][INFO] Test Time  : 2.27s